<?xml version="1.0" encoding="UTF-8"?>
<!-- Generated by org.testng.reporters.JUnitXMLReporter -->
<testsuite hostname="DESKTOP-VR5R5S7" name="Sanity" tests="2" failures="0" timestamp="7 Sep 2017 01:42:26 GMT" time="98.624" errors="0">
  <testcase name="@BeforeMethod setUp" time="0.0" classname="abc.LinksDemo">
    <failure type="org.openqa.selenium.WebDriverException" message="Failed to connect to binary FirefoxBinary(C:\Program Files (x86)\Mozilla Firefox\firefox.exe) on port 7055; process output follows: 
91	addons.xpi	DEBUG	Registering manifest for C:\Program Files (x86)\Mozilla Firefox\browser\features\firefox@getpocket.com.xpi
1504748461991	addons.xpi	DEBUG	Calling bootstrap method startup on firefox@getpocket.com version 1.0.2
1504748461992	addons.xpi	DEBUG	Registering manifest for C:\Program Files (x86)\Mozilla Firefox\browser\features\loop@mozilla.org.xpi
1504748461992	addons.xpi	DEBUG	Calling bootstrap method startup on loop@mozilla.org version 1.3.2
1504748462007	addons.xpi	DEBUG	Registering manifest for C:\Program Files (x86)\Mozilla Firefox\browser\features\websensehelper@mozilla.org.xpi
1504748462008	addons.xpi	DEBUG	Calling bootstrap method startup on websensehelper@mozilla.org version 1.0
1504748462010	addons.manager	DEBUG	Registering shutdown blocker for XPIProvider
1504748462010	addons.manager	DEBUG	Provider finished startup: XPIProvider
1504748462010	addons.manager	DEBUG	Starting provider: LightweightThemeManager
1504748462010	addons.manager	DEBUG	Registering shutdown blocker for LightweightThemeManager
1504748462010	addons.manager	DEBUG	Provider finished startup: LightweightThemeManager
1504748462011	addons.manager	DEBUG	Starting provider: GMPProvider
1504748462015	addons.manager	DEBUG	Registering shutdown blocker for GMPProvider
1504748462015	addons.manager	DEBUG	Provider finished startup: GMPProvider
1504748462015	addons.manager	DEBUG	Starting provider: PluginProvider
1504748462016	addons.manager	DEBUG	Registering shutdown blocker for PluginProvider
1504748462018	addons.manager	DEBUG	Provider finished startup: PluginProvider
1504748462018	addons.manager	DEBUG	Completed startup sequence
[GFX1]: Potential driver version mismatch ignored due to missing DLLs 0.0.0.0 and 0.0.0.0
1504748468288	addons.manager	DEBUG	Starting provider: &amp;lt;unnamed-provider&amp;gt;
1504748468288	addons.manager	DEBUG	Registering shutdown blocker for &amp;lt;unnamed-provider&amp;gt;
1504748468288	addons.manager	DEBUG	Provider finished startup: &amp;lt;unnamed-provider&amp;gt;
1504748472237	DeferredSave.extensions.json	DEBUG	Write succeeded
1504748472237	addons.xpi-utils	DEBUG	XPI Database saved, setting schema version preference to 17
1504748472237	DeferredSave.extensions.json	DEBUG	Starting timer
1504748472256	addons.repository	DEBUG	No addons.json found.
1504748472257	DeferredSave.addons.json	DEBUG	Save changes
1504748472259	DeferredSave.addons.json	DEBUG	Starting timer
1504748474371	addons.manager	DEBUG	Starting provider: PreviousExperimentProvider
1504748474371	addons.manager	DEBUG	Registering shutdown blocker for PreviousExperimentProvider
1504748474371	addons.manager	DEBUG	Provider finished startup: PreviousExperimentProvider
1504748474381	DeferredSave.extensions.json	DEBUG	Starting write
1504748474384	DeferredSave.addons.json	DEBUG	Starting write
1504748474899	DeferredSave.extensions.json	DEBUG	Write succeeded
1504748474917	DeferredSave.addons.json	DEBUG	Write succeeded
1504748493244	addons.xpi	DEBUG	Calling bootstrap method shutdown on e10srollout@mozilla.org version 1.0
1504748493245	addons.xpi	DEBUG	Calling bootstrap method shutdown on firefox@getpocket.com version 1.0.2
1504748493245	addons.xpi	DEBUG	Calling bootstrap method shutdown on loop@mozilla.org version 1.3.2
1504748493246	addons.xpi	DEBUG	Calling bootstrap method shutdown on websensehelper@mozilla.org version 1.0
1504748494356	addons.manager	DEBUG	shutdown
1504748494357	addons.manager	DEBUG	Calling shutdown blocker for XPIProvider
1504748494357	addons.xpi	DEBUG	shutdown
1504748494357	addons.xpi-utils	DEBUG	shutdown
1504748494358	addons.manager	DEBUG	Calling shutdown blocker for LightweightThemeManager
1504748494358	addons.manager	DEBUG	Calling shutdown blocker for GMPProvider
1504748494361	addons.manager	DEBUG	Calling shutdown blocker for PluginProvider
1504748494361	addons.manager	DEBUG	Calling shutdown blocker for &amp;lt;unnamed-provider&amp;gt;
1504748494363	addons.manager	DEBUG	Calling shutdown blocker for PreviousExperimentProvider
1504748494366	addons.xpi	DEBUG	Notifying XPI shutdown observers
1504748494370	addons.manager	DEBUG	Async provider shutdown done

Build info: version: &amp;apos;2.52.0&amp;apos;, revision: &amp;apos;4c2593c&amp;apos;, time: &amp;apos;2016-02-11 19:03:33&amp;apos;
System info: host: &amp;apos;DESKTOP-VR5R5S7&amp;apos;, ip: &amp;apos;169.254.176.61&amp;apos;, os.name: &amp;apos;Windows 10&amp;apos;, os.arch: &amp;apos;amd64&amp;apos;, os.version: &amp;apos;10.0&amp;apos;, java.version: &amp;apos;1.8.0_74&amp;apos;
Driver info: driver.version: FirefoxDriver">
      <![CDATA[org.openqa.selenium.WebDriverException: Failed to connect to binary FirefoxBinary(C:\Program Files (x86)\Mozilla Firefox\firefox.exe) on port 7055; process output follows: 
91	addons.xpi	DEBUG	Registering manifest for C:\Program Files (x86)\Mozilla Firefox\browser\features\firefox@getpocket.com.xpi
1504748461991	addons.xpi	DEBUG	Calling bootstrap method startup on firefox@getpocket.com version 1.0.2
1504748461992	addons.xpi	DEBUG	Registering manifest for C:\Program Files (x86)\Mozilla Firefox\browser\features\loop@mozilla.org.xpi
1504748461992	addons.xpi	DEBUG	Calling bootstrap method startup on loop@mozilla.org version 1.3.2
1504748462007	addons.xpi	DEBUG	Registering manifest for C:\Program Files (x86)\Mozilla Firefox\browser\features\websensehelper@mozilla.org.xpi
1504748462008	addons.xpi	DEBUG	Calling bootstrap method startup on websensehelper@mozilla.org version 1.0
1504748462010	addons.manager	DEBUG	Registering shutdown blocker for XPIProvider
1504748462010	addons.manager	DEBUG	Provider finished startup: XPIProvider
1504748462010	addons.manager	DEBUG	Starting provider: LightweightThemeManager
1504748462010	addons.manager	DEBUG	Registering shutdown blocker for LightweightThemeManager
1504748462010	addons.manager	DEBUG	Provider finished startup: LightweightThemeManager
1504748462011	addons.manager	DEBUG	Starting provider: GMPProvider
1504748462015	addons.manager	DEBUG	Registering shutdown blocker for GMPProvider
1504748462015	addons.manager	DEBUG	Provider finished startup: GMPProvider
1504748462015	addons.manager	DEBUG	Starting provider: PluginProvider
1504748462016	addons.manager	DEBUG	Registering shutdown blocker for PluginProvider
1504748462018	addons.manager	DEBUG	Provider finished startup: PluginProvider
1504748462018	addons.manager	DEBUG	Completed startup sequence
[GFX1]: Potential driver version mismatch ignored due to missing DLLs 0.0.0.0 and 0.0.0.0
1504748468288	addons.manager	DEBUG	Starting provider: <unnamed-provider>
1504748468288	addons.manager	DEBUG	Registering shutdown blocker for <unnamed-provider>
1504748468288	addons.manager	DEBUG	Provider finished startup: <unnamed-provider>
1504748472237	DeferredSave.extensions.json	DEBUG	Write succeeded
1504748472237	addons.xpi-utils	DEBUG	XPI Database saved, setting schema version preference to 17
1504748472237	DeferredSave.extensions.json	DEBUG	Starting timer
1504748472256	addons.repository	DEBUG	No addons.json found.
1504748472257	DeferredSave.addons.json	DEBUG	Save changes
1504748472259	DeferredSave.addons.json	DEBUG	Starting timer
1504748474371	addons.manager	DEBUG	Starting provider: PreviousExperimentProvider
1504748474371	addons.manager	DEBUG	Registering shutdown blocker for PreviousExperimentProvider
1504748474371	addons.manager	DEBUG	Provider finished startup: PreviousExperimentProvider
1504748474381	DeferredSave.extensions.json	DEBUG	Starting write
1504748474384	DeferredSave.addons.json	DEBUG	Starting write
1504748474899	DeferredSave.extensions.json	DEBUG	Write succeeded
1504748474917	DeferredSave.addons.json	DEBUG	Write succeeded
1504748493244	addons.xpi	DEBUG	Calling bootstrap method shutdown on e10srollout@mozilla.org version 1.0
1504748493245	addons.xpi	DEBUG	Calling bootstrap method shutdown on firefox@getpocket.com version 1.0.2
1504748493245	addons.xpi	DEBUG	Calling bootstrap method shutdown on loop@mozilla.org version 1.3.2
1504748493246	addons.xpi	DEBUG	Calling bootstrap method shutdown on websensehelper@mozilla.org version 1.0
1504748494356	addons.manager	DEBUG	shutdown
1504748494357	addons.manager	DEBUG	Calling shutdown blocker for XPIProvider
1504748494357	addons.xpi	DEBUG	shutdown
1504748494357	addons.xpi-utils	DEBUG	shutdown
1504748494358	addons.manager	DEBUG	Calling shutdown blocker for LightweightThemeManager
1504748494358	addons.manager	DEBUG	Calling shutdown blocker for GMPProvider
1504748494361	addons.manager	DEBUG	Calling shutdown blocker for PluginProvider
1504748494361	addons.manager	DEBUG	Calling shutdown blocker for <unnamed-provider>
1504748494363	addons.manager	DEBUG	Calling shutdown blocker for PreviousExperimentProvider
1504748494366	addons.xpi	DEBUG	Notifying XPI shutdown observers
1504748494370	addons.manager	DEBUG	Async provider shutdown done

Build info: version: '2.52.0', revision: '4c2593c', time: '2016-02-11 19:03:33'
System info: host: 'DESKTOP-VR5R5S7', ip: '169.254.176.61', os.name: 'Windows 10', os.arch: 'amd64', os.version: '10.0', java.version: '1.8.0_74'
Driver info: driver.version: FirefoxDriver
	at org.openqa.selenium.firefox.internal.NewProfileExtensionConnection.start(NewProfileExtensionConnection.java:124)
	at org.openqa.selenium.firefox.FirefoxDriver.startClient(FirefoxDriver.java:271)
	at org.openqa.selenium.remote.RemoteWebDriver.<init>(RemoteWebDriver.java:119)
	at org.openqa.selenium.firefox.FirefoxDriver.<init>(FirefoxDriver.java:218)
	at org.openqa.selenium.firefox.FirefoxDriver.<init>(FirefoxDriver.java:211)
	at org.openqa.selenium.firefox.FirefoxDriver.<init>(FirefoxDriver.java:207)
	at org.openqa.selenium.firefox.FirefoxDriver.<init>(FirefoxDriver.java:120)
	at abc.LinksDemo.setUp(LinksDemo.java:59)
	at java.util.concurrent.FutureTask.run(FutureTask.java:266)
	at java.util.concurrent.ThreadPoolExecutor.runWorker(ThreadPoolExecutor.java:1142)
	at java.util.concurrent.ThreadPoolExecutor$Worker.run(ThreadPoolExecutor.java:617)
	at java.lang.Thread.run(Thread.java:745)
Caused by: org.openqa.selenium.firefox.NotConnectedException: Unable to connect to host 127.0.0.1 on port 7055 after 45000 ms. Firefox console output:
91	addons.xpi	DEBUG	Registering manifest for C:\Program Files (x86)\Mozilla Firefox\browser\features\firefox@getpocket.com.xpi
1504748461991	addons.xpi	DEBUG	Calling bootstrap method startup on firefox@getpocket.com version 1.0.2
1504748461992	addons.xpi	DEBUG	Registering manifest for C:\Program Files (x86)\Mozilla Firefox\browser\features\loop@mozilla.org.xpi
1504748461992	addons.xpi	DEBUG	Calling bootstrap method startup on loop@mozilla.org version 1.3.2
1504748462007	addons.xpi	DEBUG	Registering manifest for C:\Program Files (x86)\Mozilla Firefox\browser\features\websensehelper@mozilla.org.xpi
1504748462008	addons.xpi	DEBUG	Calling bootstrap method startup on websensehelper@mozilla.org version 1.0
1504748462010	addons.manager	DEBUG	Registering shutdown blocker for XPIProvider
1504748462010	addons.manager	DEBUG	Provider finished startup: XPIProvider
1504748462010	addons.manager	DEBUG	Starting provider: LightweightThemeManager
1504748462010	addons.manager	DEBUG	Registering shutdown blocker for LightweightThemeManager
1504748462010	addons.manager	DEBUG	Provider finished startup: LightweightThemeManager
1504748462011	addons.manager	DEBUG	Starting provider: GMPProvider
1504748462015	addons.manager	DEBUG	Registering shutdown blocker for GMPProvider
1504748462015	addons.manager	DEBUG	Provider finished startup: GMPProvider
1504748462015	addons.manager	DEBUG	Starting provider: PluginProvider
1504748462016	addons.manager	DEBUG	Registering shutdown blocker for PluginProvider
1504748462018	addons.manager	DEBUG	Provider finished startup: PluginProvider
1504748462018	addons.manager	DEBUG	Completed startup sequence
[GFX1]: Potential driver version mismatch ignored due to missing DLLs 0.0.0.0 and 0.0.0.0
1504748468288	addons.manager	DEBUG	Starting provider: <unnamed-provider>
1504748468288	addons.manager	DEBUG	Registering shutdown blocker for <unnamed-provider>
1504748468288	addons.manager	DEBUG	Provider finished startup: <unnamed-provider>
1504748472237	DeferredSave.extensions.json	DEBUG	Write succeeded
1504748472237	addons.xpi-utils	DEBUG	XPI Database saved, setting schema version preference to 17
1504748472237	DeferredSave.extensions.json	DEBUG	Starting timer
1504748472256	addons.repository	DEBUG	No addons.json found.
1504748472257	DeferredSave.addons.json	DEBUG	Save changes
1504748472259	DeferredSave.addons.json	DEBUG	Starting timer
1504748474371	addons.manager	DEBUG	Starting provider: PreviousExperimentProvider
1504748474371	addons.manager	DEBUG	Registering shutdown blocker for PreviousExperimentProvider
1504748474371	addons.manager	DEBUG	Provider finished startup: PreviousExperimentProvider
1504748474381	DeferredSave.extensions.json	DEBUG	Starting write
1504748474384	DeferredSave.addons.json	DEBUG	Starting write
1504748474899	DeferredSave.extensions.json	DEBUG	Write succeeded
1504748474917	DeferredSave.addons.json	DEBUG	Write succeeded
1504748493244	addons.xpi	DEBUG	Calling bootstrap method shutdown on e10srollout@mozilla.org version 1.0
1504748493245	addons.xpi	DEBUG	Calling bootstrap method shutdown on firefox@getpocket.com version 1.0.2
1504748493245	addons.xpi	DEBUG	Calling bootstrap method shutdown on loop@mozilla.org version 1.3.2
1504748493246	addons.xpi	DEBUG	Calling bootstrap method shutdown on websensehelper@mozilla.org version 1.0
1504748494356	addons.manager	DEBUG	shutdown
1504748494357	addons.manager	DEBUG	Calling shutdown blocker for XPIProvider
1504748494357	addons.xpi	DEBUG	shutdown
1504748494357	addons.xpi-utils	DEBUG	shutdown
1504748494358	addons.manager	DEBUG	Calling shutdown blocker for LightweightThemeManager
1504748494358	addons.manager	DEBUG	Calling shutdown blocker for GMPProvider
1504748494361	addons.manager	DEBUG	Calling shutdown blocker for PluginProvider
1504748494361	addons.manager	DEBUG	Calling shutdown blocker for <unnamed-provider>
1504748494363	addons.manager	DEBUG	Calling shutdown blocker for PreviousExperimentProvider
1504748494366	addons.xpi	DEBUG	Notifying XPI shutdown observers
1504748494370	addons.manager	DEBUG	Async provider shutdown done

	at org.openqa.selenium.firefox.internal.NewProfileExtensionConnection.start(NewProfileExtensionConnection.java:112)
	... 29 more
... Removed 18 stack frames]]>
    </failure>
  </testcase> <!-- @BeforeMethod setUp -->
  <testcase name="@AfterMethod tearDown" time="0.0" classname="abc.LinksDemo">
    <skipped/>
  </testcase> <!-- @AfterMethod tearDown -->
  <testcase name="@BeforeMethod setUp" time="0.0" classname="abc.AutocompleteDemo">
    <failure type="org.openqa.selenium.WebDriverException" message="Failed to connect to binary FirefoxBinary(C:\Program Files (x86)\Mozilla Firefox\firefox.exe) on port 7055; process output follows: 
42	addons.xpi	DEBUG	Registering manifest for C:\Program Files (x86)\Mozilla Firefox\browser\features\firefox@getpocket.com.xpi
1504748502343	addons.xpi	DEBUG	Calling bootstrap method startup on firefox@getpocket.com version 1.0.2
1504748502343	addons.xpi	DEBUG	Registering manifest for C:\Program Files (x86)\Mozilla Firefox\browser\features\loop@mozilla.org.xpi
1504748502344	addons.xpi	DEBUG	Calling bootstrap method startup on loop@mozilla.org version 1.3.2
1504748502366	addons.xpi	DEBUG	Registering manifest for C:\Program Files (x86)\Mozilla Firefox\browser\features\websensehelper@mozilla.org.xpi
1504748502366	addons.xpi	DEBUG	Calling bootstrap method startup on websensehelper@mozilla.org version 1.0
1504748502369	addons.manager	DEBUG	Registering shutdown blocker for XPIProvider
1504748502369	addons.manager	DEBUG	Provider finished startup: XPIProvider
1504748502369	addons.manager	DEBUG	Starting provider: LightweightThemeManager
1504748502369	addons.manager	DEBUG	Registering shutdown blocker for LightweightThemeManager
1504748502369	addons.manager	DEBUG	Provider finished startup: LightweightThemeManager
1504748502369	addons.manager	DEBUG	Starting provider: GMPProvider
1504748502374	addons.manager	DEBUG	Registering shutdown blocker for GMPProvider
1504748502375	addons.manager	DEBUG	Provider finished startup: GMPProvider
1504748502375	addons.manager	DEBUG	Starting provider: PluginProvider
1504748502375	addons.manager	DEBUG	Registering shutdown blocker for PluginProvider
1504748502378	addons.manager	DEBUG	Provider finished startup: PluginProvider
1504748502379	addons.manager	DEBUG	Completed startup sequence
[GFX1]: Potential driver version mismatch ignored due to missing DLLs 0.0.0.0 and 0.0.0.0
1504748504813	addons.manager	DEBUG	Starting provider: &amp;lt;unnamed-provider&amp;gt;
1504748504813	addons.manager	DEBUG	Registering shutdown blocker for &amp;lt;unnamed-provider&amp;gt;
1504748504813	addons.manager	DEBUG	Provider finished startup: &amp;lt;unnamed-provider&amp;gt;
1504748505420	DeferredSave.extensions.json	DEBUG	Write succeeded
1504748505420	addons.xpi-utils	DEBUG	XPI Database saved, setting schema version preference to 17
1504748505420	DeferredSave.extensions.json	DEBUG	Starting timer
1504748505433	addons.repository	DEBUG	No addons.json found.
1504748505433	DeferredSave.addons.json	DEBUG	Save changes
1504748505435	DeferredSave.addons.json	DEBUG	Starting timer
1504748505487	addons.manager	DEBUG	Starting provider: PreviousExperimentProvider
1504748505487	addons.manager	DEBUG	Registering shutdown blocker for PreviousExperimentProvider
1504748505487	addons.manager	DEBUG	Provider finished startup: PreviousExperimentProvider
1504748505489	DeferredSave.extensions.json	DEBUG	Starting write
1504748505490	DeferredSave.addons.json	DEBUG	Starting write
1504748505508	DeferredSave.extensions.json	DEBUG	Write succeeded
1504748505513	DeferredSave.addons.json	DEBUG	Write succeeded
1504748530182	addons.xpi	DEBUG	Calling bootstrap method shutdown on e10srollout@mozilla.org version 1.0
1504748530182	addons.xpi	DEBUG	Calling bootstrap method shutdown on firefox@getpocket.com version 1.0.2
1504748530183	addons.xpi	DEBUG	Calling bootstrap method shutdown on loop@mozilla.org version 1.3.2
1504748530184	addons.xpi	DEBUG	Calling bootstrap method shutdown on websensehelper@mozilla.org version 1.0
1504748530389	addons.manager	DEBUG	shutdown
1504748530389	addons.manager	DEBUG	Calling shutdown blocker for XPIProvider
1504748530389	addons.xpi	DEBUG	shutdown
1504748530389	addons.xpi-utils	DEBUG	shutdown
1504748530390	addons.manager	DEBUG	Calling shutdown blocker for LightweightThemeManager
1504748530390	addons.manager	DEBUG	Calling shutdown blocker for GMPProvider
1504748530392	addons.manager	DEBUG	Calling shutdown blocker for PluginProvider
1504748530392	addons.manager	DEBUG	Calling shutdown blocker for &amp;lt;unnamed-provider&amp;gt;
1504748530393	addons.manager	DEBUG	Calling shutdown blocker for PreviousExperimentProvider
1504748530395	addons.xpi	DEBUG	Notifying XPI shutdown observers
1504748530398	addons.manager	DEBUG	Async provider shutdown done

Build info: version: &amp;apos;2.52.0&amp;apos;, revision: &amp;apos;4c2593c&amp;apos;, time: &amp;apos;2016-02-11 19:03:33&amp;apos;
System info: host: &amp;apos;DESKTOP-VR5R5S7&amp;apos;, ip: &amp;apos;169.254.176.61&amp;apos;, os.name: &amp;apos;Windows 10&amp;apos;, os.arch: &amp;apos;amd64&amp;apos;, os.version: &amp;apos;10.0&amp;apos;, java.version: &amp;apos;1.8.0_74&amp;apos;
Driver info: driver.version: FirefoxDriver">
      <![CDATA[org.openqa.selenium.WebDriverException: Failed to connect to binary FirefoxBinary(C:\Program Files (x86)\Mozilla Firefox\firefox.exe) on port 7055; process output follows: 
42	addons.xpi	DEBUG	Registering manifest for C:\Program Files (x86)\Mozilla Firefox\browser\features\firefox@getpocket.com.xpi
1504748502343	addons.xpi	DEBUG	Calling bootstrap method startup on firefox@getpocket.com version 1.0.2
1504748502343	addons.xpi	DEBUG	Registering manifest for C:\Program Files (x86)\Mozilla Firefox\browser\features\loop@mozilla.org.xpi
1504748502344	addons.xpi	DEBUG	Calling bootstrap method startup on loop@mozilla.org version 1.3.2
1504748502366	addons.xpi	DEBUG	Registering manifest for C:\Program Files (x86)\Mozilla Firefox\browser\features\websensehelper@mozilla.org.xpi
1504748502366	addons.xpi	DEBUG	Calling bootstrap method startup on websensehelper@mozilla.org version 1.0
1504748502369	addons.manager	DEBUG	Registering shutdown blocker for XPIProvider
1504748502369	addons.manager	DEBUG	Provider finished startup: XPIProvider
1504748502369	addons.manager	DEBUG	Starting provider: LightweightThemeManager
1504748502369	addons.manager	DEBUG	Registering shutdown blocker for LightweightThemeManager
1504748502369	addons.manager	DEBUG	Provider finished startup: LightweightThemeManager
1504748502369	addons.manager	DEBUG	Starting provider: GMPProvider
1504748502374	addons.manager	DEBUG	Registering shutdown blocker for GMPProvider
1504748502375	addons.manager	DEBUG	Provider finished startup: GMPProvider
1504748502375	addons.manager	DEBUG	Starting provider: PluginProvider
1504748502375	addons.manager	DEBUG	Registering shutdown blocker for PluginProvider
1504748502378	addons.manager	DEBUG	Provider finished startup: PluginProvider
1504748502379	addons.manager	DEBUG	Completed startup sequence
[GFX1]: Potential driver version mismatch ignored due to missing DLLs 0.0.0.0 and 0.0.0.0
1504748504813	addons.manager	DEBUG	Starting provider: <unnamed-provider>
1504748504813	addons.manager	DEBUG	Registering shutdown blocker for <unnamed-provider>
1504748504813	addons.manager	DEBUG	Provider finished startup: <unnamed-provider>
1504748505420	DeferredSave.extensions.json	DEBUG	Write succeeded
1504748505420	addons.xpi-utils	DEBUG	XPI Database saved, setting schema version preference to 17
1504748505420	DeferredSave.extensions.json	DEBUG	Starting timer
1504748505433	addons.repository	DEBUG	No addons.json found.
1504748505433	DeferredSave.addons.json	DEBUG	Save changes
1504748505435	DeferredSave.addons.json	DEBUG	Starting timer
1504748505487	addons.manager	DEBUG	Starting provider: PreviousExperimentProvider
1504748505487	addons.manager	DEBUG	Registering shutdown blocker for PreviousExperimentProvider
1504748505487	addons.manager	DEBUG	Provider finished startup: PreviousExperimentProvider
1504748505489	DeferredSave.extensions.json	DEBUG	Starting write
1504748505490	DeferredSave.addons.json	DEBUG	Starting write
1504748505508	DeferredSave.extensions.json	DEBUG	Write succeeded
1504748505513	DeferredSave.addons.json	DEBUG	Write succeeded
1504748530182	addons.xpi	DEBUG	Calling bootstrap method shutdown on e10srollout@mozilla.org version 1.0
1504748530182	addons.xpi	DEBUG	Calling bootstrap method shutdown on firefox@getpocket.com version 1.0.2
1504748530183	addons.xpi	DEBUG	Calling bootstrap method shutdown on loop@mozilla.org version 1.3.2
1504748530184	addons.xpi	DEBUG	Calling bootstrap method shutdown on websensehelper@mozilla.org version 1.0
1504748530389	addons.manager	DEBUG	shutdown
1504748530389	addons.manager	DEBUG	Calling shutdown blocker for XPIProvider
1504748530389	addons.xpi	DEBUG	shutdown
1504748530389	addons.xpi-utils	DEBUG	shutdown
1504748530390	addons.manager	DEBUG	Calling shutdown blocker for LightweightThemeManager
1504748530390	addons.manager	DEBUG	Calling shutdown blocker for GMPProvider
1504748530392	addons.manager	DEBUG	Calling shutdown blocker for PluginProvider
1504748530392	addons.manager	DEBUG	Calling shutdown blocker for <unnamed-provider>
1504748530393	addons.manager	DEBUG	Calling shutdown blocker for PreviousExperimentProvider
1504748530395	addons.xpi	DEBUG	Notifying XPI shutdown observers
1504748530398	addons.manager	DEBUG	Async provider shutdown done

Build info: version: '2.52.0', revision: '4c2593c', time: '2016-02-11 19:03:33'
System info: host: 'DESKTOP-VR5R5S7', ip: '169.254.176.61', os.name: 'Windows 10', os.arch: 'amd64', os.version: '10.0', java.version: '1.8.0_74'
Driver info: driver.version: FirefoxDriver
	at org.openqa.selenium.firefox.internal.NewProfileExtensionConnection.start(NewProfileExtensionConnection.java:124)
	at org.openqa.selenium.firefox.FirefoxDriver.startClient(FirefoxDriver.java:271)
	at org.openqa.selenium.remote.RemoteWebDriver.<init>(RemoteWebDriver.java:119)
	at org.openqa.selenium.firefox.FirefoxDriver.<init>(FirefoxDriver.java:218)
	at org.openqa.selenium.firefox.FirefoxDriver.<init>(FirefoxDriver.java:211)
	at org.openqa.selenium.firefox.FirefoxDriver.<init>(FirefoxDriver.java:207)
	at org.openqa.selenium.firefox.FirefoxDriver.<init>(FirefoxDriver.java:120)
	at abc.AutocompleteDemo.setUp(AutocompleteDemo.java:58)
	at java.util.concurrent.FutureTask.run(FutureTask.java:266)
	at java.util.concurrent.ThreadPoolExecutor.runWorker(ThreadPoolExecutor.java:1142)
	at java.util.concurrent.ThreadPoolExecutor$Worker.run(ThreadPoolExecutor.java:617)
	at java.lang.Thread.run(Thread.java:745)
Caused by: org.openqa.selenium.firefox.NotConnectedException: Unable to connect to host 127.0.0.1 on port 7055 after 45000 ms. Firefox console output:
42	addons.xpi	DEBUG	Registering manifest for C:\Program Files (x86)\Mozilla Firefox\browser\features\firefox@getpocket.com.xpi
1504748502343	addons.xpi	DEBUG	Calling bootstrap method startup on firefox@getpocket.com version 1.0.2
1504748502343	addons.xpi	DEBUG	Registering manifest for C:\Program Files (x86)\Mozilla Firefox\browser\features\loop@mozilla.org.xpi
1504748502344	addons.xpi	DEBUG	Calling bootstrap method startup on loop@mozilla.org version 1.3.2
1504748502366	addons.xpi	DEBUG	Registering manifest for C:\Program Files (x86)\Mozilla Firefox\browser\features\websensehelper@mozilla.org.xpi
1504748502366	addons.xpi	DEBUG	Calling bootstrap method startup on websensehelper@mozilla.org version 1.0
1504748502369	addons.manager	DEBUG	Registering shutdown blocker for XPIProvider
1504748502369	addons.manager	DEBUG	Provider finished startup: XPIProvider
1504748502369	addons.manager	DEBUG	Starting provider: LightweightThemeManager
1504748502369	addons.manager	DEBUG	Registering shutdown blocker for LightweightThemeManager
1504748502369	addons.manager	DEBUG	Provider finished startup: LightweightThemeManager
1504748502369	addons.manager	DEBUG	Starting provider: GMPProvider
1504748502374	addons.manager	DEBUG	Registering shutdown blocker for GMPProvider
1504748502375	addons.manager	DEBUG	Provider finished startup: GMPProvider
1504748502375	addons.manager	DEBUG	Starting provider: PluginProvider
1504748502375	addons.manager	DEBUG	Registering shutdown blocker for PluginProvider
1504748502378	addons.manager	DEBUG	Provider finished startup: PluginProvider
1504748502379	addons.manager	DEBUG	Completed startup sequence
[GFX1]: Potential driver version mismatch ignored due to missing DLLs 0.0.0.0 and 0.0.0.0
1504748504813	addons.manager	DEBUG	Starting provider: <unnamed-provider>
1504748504813	addons.manager	DEBUG	Registering shutdown blocker for <unnamed-provider>
1504748504813	addons.manager	DEBUG	Provider finished startup: <unnamed-provider>
1504748505420	DeferredSave.extensions.json	DEBUG	Write succeeded
1504748505420	addons.xpi-utils	DEBUG	XPI Database saved, setting schema version preference to 17
1504748505420	DeferredSave.extensions.json	DEBUG	Starting timer
1504748505433	addons.repository	DEBUG	No addons.json found.
1504748505433	DeferredSave.addons.json	DEBUG	Save changes
1504748505435	DeferredSave.addons.json	DEBUG	Starting timer
1504748505487	addons.manager	DEBUG	Starting provider: PreviousExperimentProvider
1504748505487	addons.manager	DEBUG	Registering shutdown blocker for PreviousExperimentProvider
1504748505487	addons.manager	DEBUG	Provider finished startup: PreviousExperimentProvider
1504748505489	DeferredSave.extensions.json	DEBUG	Starting write
1504748505490	DeferredSave.addons.json	DEBUG	Starting write
1504748505508	DeferredSave.extensions.json	DEBUG	Write succeeded
1504748505513	DeferredSave.addons.json	DEBUG	Write succeeded
1504748530182	addons.xpi	DEBUG	Calling bootstrap method shutdown on e10srollout@mozilla.org version 1.0
1504748530182	addons.xpi	DEBUG	Calling bootstrap method shutdown on firefox@getpocket.com version 1.0.2
1504748530183	addons.xpi	DEBUG	Calling bootstrap method shutdown on loop@mozilla.org version 1.3.2
1504748530184	addons.xpi	DEBUG	Calling bootstrap method shutdown on websensehelper@mozilla.org version 1.0
1504748530389	addons.manager	DEBUG	shutdown
1504748530389	addons.manager	DEBUG	Calling shutdown blocker for XPIProvider
1504748530389	addons.xpi	DEBUG	shutdown
1504748530389	addons.xpi-utils	DEBUG	shutdown
1504748530390	addons.manager	DEBUG	Calling shutdown blocker for LightweightThemeManager
1504748530390	addons.manager	DEBUG	Calling shutdown blocker for GMPProvider
1504748530392	addons.manager	DEBUG	Calling shutdown blocker for PluginProvider
1504748530392	addons.manager	DEBUG	Calling shutdown blocker for <unnamed-provider>
1504748530393	addons.manager	DEBUG	Calling shutdown blocker for PreviousExperimentProvider
1504748530395	addons.xpi	DEBUG	Notifying XPI shutdown observers
1504748530398	addons.manager	DEBUG	Async provider shutdown done

	at org.openqa.selenium.firefox.internal.NewProfileExtensionConnection.start(NewProfileExtensionConnection.java:112)
	... 29 more
... Removed 18 stack frames]]>
    </failure>
  </testcase> <!-- @BeforeMethod setUp -->
  <testcase name="@AfterMethod tearDown" time="0.0" classname="abc.AutocompleteDemo">
    <skipped/>
  </testcase> <!-- @AfterMethod tearDown -->
  <testcase name="links" time="0.001" classname="abc.LinksDemo">
    <skipped/>
  </testcase> <!-- links -->
  <testcase name="autocomplete" time="0.0" classname="abc.AutocompleteDemo">
    <skipped/>
  </testcase> <!-- autocomplete -->
</testsuite> <!-- Sanity -->
