<?xml version="1.0" encoding="UTF-8"?>
<testsuite hostname="DESKTOP-VR5R5S7" name="abc.LinksDemo" tests="1" failures="1" timestamp="11 Jul 2016 08:11:07 GMT" time="7.031" errors="0">
  <testcase name="links" time="0.161" classname="abc.LinksDemo">
    <failure type="java.lang.AssertionError" message="expected:&amp;lt;The URL you requested has been blocked&amp;gt; but was:&amp;lt;Selenium - Web Browser Automation&amp;gt;">
      <![CDATA[java.lang.AssertionError: expected:<The URL you requested has been blocked> but was:<Selenium - Web Browser Automation>
	at abc.LinksDemo.links(LinksDemo.java:25)
	at java.util.concurrent.ThreadPoolExecutor.runWorker(Unknown Source)
	at java.util.concurrent.ThreadPoolExecutor$Worker.run(Unknown Source)
	at java.lang.Thread.run(Unknown Source)
... Removed 22 stack frames]]>
    </failure>
  </testcase>
</testsuite>
